<?xml version="1.0" encoding="UTF-8"?>
<testsuite xmlns:xsi="http://www.w3.org/2001/XMLSchema-instance" xsi:noNamespaceSchemaLocation="https://maven.apache.org/surefire/maven-surefire-plugin/xsd/surefire-test-report-3.0.xsd" version="3.0" name="cn.app.cloudnative.demo.MySpringBootApplicationTest" time="12.231" tests="1" errors="0" skipped="0" failures="0">
  <properties>
    <property name="java.specification.version" value="17"/>
    <property name="sun.jnu.encoding" value="UTF-8"/>
    <property name="java.class.path" value="/home/sam/vscode/camel-spring-boot/init-app/target/test-classes:/home/sam/vscode/camel-spring-boot/init-app/target/classes:/home/sam/.m2/repository/org/springframework/boot/spring-boot-starter-web/3.1.6/spring-boot-starter-web-3.1.6.jar:/home/sam/.m2/repository/org/springframework/boot/spring-boot-starter/3.1.6/spring-boot-starter-3.1.6.jar:/home/sam/.m2/repository/org/springframework/boot/spring-boot/3.1.6/spring-boot-3.1.6.jar:/home/sam/.m2/repository/org/springframework/boot/spring-boot-autoconfigure/3.1.6/spring-boot-autoconfigure-3.1.6.jar:/home/sam/.m2/repository/org/springframework/boot/spring-boot-starter-logging/3.1.6/spring-boot-starter-logging-3.1.6.jar:/home/sam/.m2/repository/ch/qos/logback/logback-classic/1.4.14/logback-classic-1.4.14.jar:/home/sam/.m2/repository/ch/qos/logback/logback-core/1.4.14/logback-core-1.4.14.jar:/home/sam/.m2/repository/org/apache/logging/log4j/log4j-to-slf4j/2.20.0/log4j-to-slf4j-2.20.0.jar:/home/sam/.m2/repository/org/apache/logging/log4j/log4j-api/2.20.0/log4j-api-2.20.0.jar:/home/sam/.m2/repository/org/slf4j/jul-to-slf4j/2.0.9/jul-to-slf4j-2.0.9.jar:/home/sam/.m2/repository/jakarta/annotation/jakarta.annotation-api/2.1.1/jakarta.annotation-api-2.1.1.jar:/home/sam/.m2/repository/org/yaml/snakeyaml/2.0/snakeyaml-2.0.jar:/home/sam/.m2/repository/org/springframework/boot/spring-boot-starter-json/3.1.6/spring-boot-starter-json-3.1.6.jar:/home/sam/.m2/repository/com/fasterxml/jackson/core/jackson-databind/2.15.3/jackson-databind-2.15.3.jar:/home/sam/.m2/repository/com/fasterxml/jackson/core/jackson-annotations/2.15.3/jackson-annotations-2.15.3.jar:/home/sam/.m2/repository/com/fasterxml/jackson/core/jackson-core/2.15.3/jackson-core-2.15.3.jar:/home/sam/.m2/repository/com/fasterxml/jackson/datatype/jackson-datatype-jdk8/2.15.3/jackson-datatype-jdk8-2.15.3.jar:/home/sam/.m2/repository/com/fasterxml/jackson/datatype/jackson-datatype-jsr310/2.15.3/jackson-datatype-jsr310-2.15.3.jar:/home/sam/.m2/repository/com/fasterxml/jackson/module/jackson-module-parameter-names/2.15.3/jackson-module-parameter-names-2.15.3.jar:/home/sam/.m2/repository/org/springframework/spring-web/6.0.14/spring-web-6.0.14.jar:/home/sam/.m2/repository/org/springframework/spring-beans/6.0.14/spring-beans-6.0.14.jar:/home/sam/.m2/repository/org/springframework/spring-webmvc/6.0.14/spring-webmvc-6.0.14.jar:/home/sam/.m2/repository/org/springframework/spring-aop/6.0.14/spring-aop-6.0.14.jar:/home/sam/.m2/repository/org/springframework/spring-context/6.0.14/spring-context-6.0.14.jar:/home/sam/.m2/repository/org/springframework/spring-expression/6.0.14/spring-expression-6.0.14.jar:/home/sam/.m2/repository/org/springframework/boot/spring-boot-starter-undertow/3.1.6/spring-boot-starter-undertow-3.1.6.jar:/home/sam/.m2/repository/io/undertow/undertow-core/2.3.10.SP1-redhat-00001/undertow-core-2.3.10.SP1-redhat-00001.jar:/home/sam/.m2/repository/org/jboss/logging/jboss-logging/3.5.3.Final/jboss-logging-3.5.3.Final.jar:/home/sam/.m2/repository/org/jboss/xnio/xnio-api/3.8.8.Final/xnio-api-3.8.8.Final.jar:/home/sam/.m2/repository/org/wildfly/common/wildfly-common/1.5.4.Final/wildfly-common-1.5.4.Final.jar:/home/sam/.m2/repository/org/wildfly/client/wildfly-client-config/1.0.1.Final/wildfly-client-config-1.0.1.Final.jar:/home/sam/.m2/repository/org/jboss/xnio/xnio-nio/3.8.8.Final/xnio-nio-3.8.8.Final.jar:/home/sam/.m2/repository/org/jboss/threads/jboss-threads/3.5.0.Final/jboss-threads-3.5.0.Final.jar:/home/sam/.m2/repository/io/undertow/undertow-servlet/2.3.10.SP1-redhat-00001/undertow-servlet-2.3.10.SP1-redhat-00001.jar:/home/sam/.m2/repository/jakarta/servlet/jakarta.servlet-api/6.0.0/jakarta.servlet-api-6.0.0.jar:/home/sam/.m2/repository/io/undertow/undertow-websockets-jsr/2.3.10.Final/undertow-websockets-jsr-2.3.10.Final.jar:/home/sam/.m2/repository/jakarta/websocket/jakarta.websocket-api/2.1.1/jakarta.websocket-api-2.1.1.jar:/home/sam/.m2/repository/jakarta/websocket/jakarta.websocket-client-api/2.1.1/jakarta.websocket-client-api-2.1.1.jar:/home/sam/.m2/repository/org/apache/tomcat/embed/tomcat-embed-el/10.1.16/tomcat-embed-el-10.1.16.jar:/home/sam/.m2/repository/org/springframework/boot/spring-boot-starter-actuator/3.1.6/spring-boot-starter-actuator-3.1.6.jar:/home/sam/.m2/repository/org/springframework/boot/spring-boot-actuator-autoconfigure/3.1.6/spring-boot-actuator-autoconfigure-3.1.6.jar:/home/sam/.m2/repository/org/springframework/boot/spring-boot-actuator/3.1.6/spring-boot-actuator-3.1.6.jar:/home/sam/.m2/repository/io/micrometer/micrometer-observation/1.11.6/micrometer-observation-1.11.6.jar:/home/sam/.m2/repository/io/micrometer/micrometer-commons/1.11.6/micrometer-commons-1.11.6.jar:/home/sam/.m2/repository/io/micrometer/micrometer-core/1.11.6/micrometer-core-1.11.6.jar:/home/sam/.m2/repository/org/hdrhistogram/HdrHistogram/2.1.12/HdrHistogram-2.1.12.jar:/home/sam/.m2/repository/org/latencyutils/LatencyUtils/2.0.3/LatencyUtils-2.0.3.jar:/home/sam/.m2/repository/org/apache/camel/springboot/camel-spring-boot-starter/4.0.0.redhat-00039/camel-spring-boot-starter-4.0.0.redhat-00039.jar:/home/sam/.m2/repository/org/apache/camel/springboot/camel-spring-boot/4.0.0.redhat-00039/camel-spring-boot-4.0.0.redhat-00039.jar:/home/sam/.m2/repository/org/apache/camel/camel-spring/4.0.0.redhat-00031/camel-spring-4.0.0.redhat-00031.jar:/home/sam/.m2/repository/org/apache/camel/camel-management-api/4.0.0.redhat-00031/camel-management-api-4.0.0.redhat-00031.jar:/home/sam/.m2/repository/org/springframework/spring-tx/6.0.14/spring-tx-6.0.14.jar:/home/sam/.m2/repository/org/apache/camel/camel-spring-main/4.0.0.redhat-00031/camel-spring-main-4.0.0.redhat-00031.jar:/home/sam/.m2/repository/org/apache/camel/camel-main/4.0.0.redhat-00031/camel-main-4.0.0.redhat-00031.jar:/home/sam/.m2/repository/org/apache/camel/camel-base/4.0.0.redhat-00031/camel-base-4.0.0.redhat-00031.jar:/home/sam/.m2/repository/org/apache/camel/camel-util-json/4.0.0.redhat-00031/camel-util-json-4.0.0.redhat-00031.jar:/home/sam/.m2/repository/org/apache/camel/camel-cloud/4.0.0.redhat-00031/camel-cloud-4.0.0.redhat-00031.jar:/home/sam/.m2/repository/org/apache/camel/camel-core-model/4.0.0.redhat-00031/camel-core-model-4.0.0.redhat-00031.jar:/home/sam/.m2/repository/org/apache/camel/camel-core-processor/4.0.0.redhat-00031/camel-core-processor-4.0.0.redhat-00031.jar:/home/sam/.m2/repository/org/apache/camel/camel-cluster/4.0.0.redhat-00031/camel-cluster-4.0.0.redhat-00031.jar:/home/sam/.m2/repository/org/apache/camel/camel-base-engine/4.0.0.redhat-00031/camel-base-engine-4.0.0.redhat-00031.jar:/home/sam/.m2/repository/org/apache/camel/camel-health/4.0.0.redhat-00031/camel-health-4.0.0.redhat-00031.jar:/home/sam/.m2/repository/org/apache/camel/springboot/camel-core-starter/4.0.0.redhat-00039/camel-core-starter-4.0.0.redhat-00039.jar:/home/sam/.m2/repository/org/apache/camel/camel-core-engine/4.0.0.redhat-00031/camel-core-engine-4.0.0.redhat-00031.jar:/home/sam/.m2/repository/org/apache/camel/camel-api/4.0.0.redhat-00031/camel-api-4.0.0.redhat-00031.jar:/home/sam/.m2/repository/org/apache/camel/camel-core-reifier/4.0.0.redhat-00031/camel-core-reifier-4.0.0.redhat-00031.jar:/home/sam/.m2/repository/org/apache/camel/camel-util/4.0.0.redhat-00031/camel-util-4.0.0.redhat-00031.jar:/home/sam/.m2/repository/org/apache/camel/springboot/camel-bean-starter/4.0.0.redhat-00039/camel-bean-starter-4.0.0.redhat-00039.jar:/home/sam/.m2/repository/org/apache/camel/camel-bean/4.0.0.redhat-00031/camel-bean-4.0.0.redhat-00031.jar:/home/sam/.m2/repository/org/apache/camel/springboot/camel-browse-starter/4.0.0.redhat-00039/camel-browse-starter-4.0.0.redhat-00039.jar:/home/sam/.m2/repository/org/apache/camel/camel-browse/4.0.0.redhat-00031/camel-browse-4.0.0.redhat-00031.jar:/home/sam/.m2/repository/org/apache/camel/springboot/camel-controlbus-starter/4.0.0.redhat-00039/camel-controlbus-starter-4.0.0.redhat-00039.jar:/home/sam/.m2/repository/org/apache/camel/camel-controlbus/4.0.0.redhat-00031/camel-controlbus-4.0.0.redhat-00031.jar:/home/sam/.m2/repository/org/apache/camel/springboot/camel-dataformat-starter/4.0.0.redhat-00039/camel-dataformat-starter-4.0.0.redhat-00039.jar:/home/sam/.m2/repository/org/apache/camel/camel-dataformat/4.0.0.redhat-00031/camel-dataformat-4.0.0.redhat-00031.jar:/home/sam/.m2/repository/org/apache/camel/springboot/camel-dataset-starter/4.0.0.redhat-00039/camel-dataset-starter-4.0.0.redhat-00039.jar:/home/sam/.m2/repository/org/apache/camel/camel-dataset/4.0.0.redhat-00031/camel-dataset-4.0.0.redhat-00031.jar:/home/sam/.m2/repository/org/apache/camel/springboot/camel-direct-starter/4.0.0.redhat-00039/camel-direct-starter-4.0.0.redhat-00039.jar:/home/sam/.m2/repository/org/apache/camel/camel-direct/4.0.0.redhat-00031/camel-direct-4.0.0.redhat-00031.jar:/home/sam/.m2/repository/org/apache/camel/springboot/camel-file-starter/4.0.0.redhat-00039/camel-file-starter-4.0.0.redhat-00039.jar:/home/sam/.m2/repository/org/apache/camel/camel-file/4.0.0.redhat-00031/camel-file-4.0.0.redhat-00031.jar:/home/sam/.m2/repository/org/apache/camel/springboot/camel-language-starter/4.0.0.redhat-00039/camel-language-starter-4.0.0.redhat-00039.jar:/home/sam/.m2/repository/org/apache/camel/camel-language/4.0.0.redhat-00031/camel-language-4.0.0.redhat-00031.jar:/home/sam/.m2/repository/org/apache/camel/springboot/camel-log-starter/4.0.0.redhat-00039/camel-log-starter-4.0.0.redhat-00039.jar:/home/sam/.m2/repository/org/apache/camel/camel-log/4.0.0.redhat-00031/camel-log-4.0.0.redhat-00031.jar:/home/sam/.m2/repository/org/apache/camel/springboot/camel-mock-starter/4.0.0.redhat-00039/camel-mock-starter-4.0.0.redhat-00039.jar:/home/sam/.m2/repository/org/apache/camel/camel-mock/4.0.0.redhat-00031/camel-mock-4.0.0.redhat-00031.jar:/home/sam/.m2/repository/org/apache/camel/springboot/camel-ref-starter/4.0.0.redhat-00039/camel-ref-starter-4.0.0.redhat-00039.jar:/home/sam/.m2/repository/org/apache/camel/camel-ref/4.0.0.redhat-00031/camel-ref-4.0.0.redhat-00031.jar:/home/sam/.m2/repository/org/apache/camel/springboot/camel-rest-starter/4.0.0.redhat-00039/camel-rest-starter-4.0.0.redhat-00039.jar:/home/sam/.m2/repository/org/apache/camel/camel-rest/4.0.0.redhat-00031/camel-rest-4.0.0.redhat-00031.jar:/home/sam/.m2/repository/org/apache/camel/camel-tooling-model/4.0.0.redhat-00031/camel-tooling-model-4.0.0.redhat-00031.jar:/home/sam/.m2/repository/org/apache/camel/springboot/camel-saga-starter/4.0.0.redhat-00039/camel-saga-starter-4.0.0.redhat-00039.jar:/home/sam/.m2/repository/org/apache/camel/camel-saga/4.0.0.redhat-00031/camel-saga-4.0.0.redhat-00031.jar:/home/sam/.m2/repository/org/apache/camel/springboot/camel-scheduler-starter/4.0.0.redhat-00039/camel-scheduler-starter-4.0.0.redhat-00039.jar:/home/sam/.m2/repository/org/apache/camel/camel-scheduler/4.0.0.redhat-00031/camel-scheduler-4.0.0.redhat-00031.jar:/home/sam/.m2/repository/org/apache/camel/springboot/camel-seda-starter/4.0.0.redhat-00039/camel-seda-starter-4.0.0.redhat-00039.jar:/home/sam/.m2/repository/org/apache/camel/camel-seda/4.0.0.redhat-00031/camel-seda-4.0.0.redhat-00031.jar:/home/sam/.m2/repository/org/apache/camel/springboot/camel-stub-starter/4.0.0.redhat-00039/camel-stub-starter-4.0.0.redhat-00039.jar:/home/sam/.m2/repository/org/apache/camel/camel-stub/4.0.0.redhat-00031/camel-stub-4.0.0.redhat-00031.jar:/home/sam/.m2/repository/org/apache/camel/springboot/camel-timer-starter/4.0.0.redhat-00039/camel-timer-starter-4.0.0.redhat-00039.jar:/home/sam/.m2/repository/org/apache/camel/camel-timer/4.0.0.redhat-00031/camel-timer-4.0.0.redhat-00031.jar:/home/sam/.m2/repository/org/apache/camel/springboot/camel-validator-starter/4.0.0.redhat-00039/camel-validator-starter-4.0.0.redhat-00039.jar:/home/sam/.m2/repository/org/apache/camel/camel-validator/4.0.0.redhat-00031/camel-validator-4.0.0.redhat-00031.jar:/home/sam/.m2/repository/org/apache/camel/springboot/camel-xpath-starter/4.0.0.redhat-00039/camel-xpath-starter-4.0.0.redhat-00039.jar:/home/sam/.m2/repository/org/apache/camel/camel-xpath/4.0.0.redhat-00031/camel-xpath-4.0.0.redhat-00031.jar:/home/sam/.m2/repository/org/apache/camel/springboot/camel-xslt-starter/4.0.0.redhat-00039/camel-xslt-starter-4.0.0.redhat-00039.jar:/home/sam/.m2/repository/org/apache/camel/camel-xslt/4.0.0.redhat-00031/camel-xslt-4.0.0.redhat-00031.jar:/home/sam/.m2/repository/org/apache/camel/springboot/camel-xml-jaxp-starter/4.0.0.redhat-00039/camel-xml-jaxp-starter-4.0.0.redhat-00039.jar:/home/sam/.m2/repository/org/apache/camel/camel-xml-jaxp/4.0.0.redhat-00031/camel-xml-jaxp-4.0.0.redhat-00031.jar:/home/sam/.m2/repository/org/apache/camel/camel-xml-jaxp-util/4.0.0.redhat-00031/camel-xml-jaxp-util-4.0.0.redhat-00031.jar:/home/sam/.m2/repository/org/apache/camel/camel-xml-io-util/4.0.0.redhat-00031/camel-xml-io-util-4.0.0.redhat-00031.jar:/home/sam/.m2/repository/org/apache/camel/springboot/camel-stream-starter/4.0.0/camel-stream-starter-4.0.0.jar:/home/sam/.m2/repository/org/apache/camel/camel-stream/4.0.0/camel-stream-4.0.0.jar:/home/sam/.m2/repository/org/apache/camel/camel-support/4.0.0/camel-support-4.0.0.jar:/home/sam/.m2/repository/org/springframework/boot/spring-boot-starter-test/3.1.6/spring-boot-starter-test-3.1.6.jar:/home/sam/.m2/repository/org/springframework/boot/spring-boot-test/3.1.6/spring-boot-test-3.1.6.jar:/home/sam/.m2/repository/org/springframework/boot/spring-boot-test-autoconfigure/3.1.6/spring-boot-test-autoconfigure-3.1.6.jar:/home/sam/.m2/repository/com/jayway/jsonpath/json-path/2.8.0/json-path-2.8.0.jar:/home/sam/.m2/repository/org/slf4j/slf4j-api/2.0.9/slf4j-api-2.0.9.jar:/home/sam/.m2/repository/jakarta/xml/bind/jakarta.xml.bind-api/4.0.1/jakarta.xml.bind-api-4.0.1.jar:/home/sam/.m2/repository/jakarta/activation/jakarta.activation-api/2.1.2/jakarta.activation-api-2.1.2.jar:/home/sam/.m2/repository/net/minidev/json-smart/2.4.11/json-smart-2.4.11.jar:/home/sam/.m2/repository/net/minidev/accessors-smart/2.4.11/accessors-smart-2.4.11.jar:/home/sam/.m2/repository/org/ow2/asm/asm/9.3/asm-9.3.jar:/home/sam/.m2/repository/org/assertj/assertj-core/3.24.2/assertj-core-3.24.2.jar:/home/sam/.m2/repository/net/bytebuddy/byte-buddy/1.14.10/byte-buddy-1.14.10.jar:/home/sam/.m2/repository/org/hamcrest/hamcrest/2.2/hamcrest-2.2.jar:/home/sam/.m2/repository/org/junit/jupiter/junit-jupiter/5.9.3/junit-jupiter-5.9.3.jar:/home/sam/.m2/repository/org/junit/jupiter/junit-jupiter-api/5.9.3/junit-jupiter-api-5.9.3.jar:/home/sam/.m2/repository/org/opentest4j/opentest4j/1.2.0/opentest4j-1.2.0.jar:/home/sam/.m2/repository/org/junit/platform/junit-platform-commons/1.9.3/junit-platform-commons-1.9.3.jar:/home/sam/.m2/repository/org/apiguardian/apiguardian-api/1.1.2/apiguardian-api-1.1.2.jar:/home/sam/.m2/repository/org/junit/jupiter/junit-jupiter-params/5.9.3/junit-jupiter-params-5.9.3.jar:/home/sam/.m2/repository/org/junit/jupiter/junit-jupiter-engine/5.9.3/junit-jupiter-engine-5.9.3.jar:/home/sam/.m2/repository/org/junit/platform/junit-platform-engine/1.9.3/junit-platform-engine-1.9.3.jar:/home/sam/.m2/repository/org/mockito/mockito-core/5.3.1/mockito-core-5.3.1.jar:/home/sam/.m2/repository/net/bytebuddy/byte-buddy-agent/1.14.10/byte-buddy-agent-1.14.10.jar:/home/sam/.m2/repository/org/objenesis/objenesis/3.3/objenesis-3.3.jar:/home/sam/.m2/repository/org/mockito/mockito-junit-jupiter/5.3.1/mockito-junit-jupiter-5.3.1.jar:/home/sam/.m2/repository/org/skyscreamer/jsonassert/1.5.1/jsonassert-1.5.1.jar:/home/sam/.m2/repository/com/vaadin/external/google/android-json/0.0.20131108.vaadin1/android-json-0.0.20131108.vaadin1.jar:/home/sam/.m2/repository/org/springframework/spring-core/6.0.14/spring-core-6.0.14.jar:/home/sam/.m2/repository/org/springframework/spring-jcl/6.0.14/spring-jcl-6.0.14.jar:/home/sam/.m2/repository/org/springframework/spring-test/6.0.14/spring-test-6.0.14.jar:/home/sam/.m2/repository/org/xmlunit/xmlunit-core/2.9.1/xmlunit-core-2.9.1.jar:/home/sam/.m2/repository/org/apache/camel/camel-test-spring-junit5/4.0.0/camel-test-spring-junit5-4.0.0.jar:/home/sam/.m2/repository/org/apache/camel/camel-test-junit5/4.0.0/camel-test-junit5-4.0.0.jar:/home/sam/.m2/repository/org/apache/camel/camel-core-languages/4.0.0/camel-core-languages-4.0.0.jar:/home/sam/.m2/repository/org/apache/camel/camel-spring-xml/4.0.0/camel-spring-xml-4.0.0.jar:/home/sam/.m2/repository/org/apache/camel/camel-xml-jaxb/4.0.0/camel-xml-jaxb-4.0.0.jar:/home/sam/.m2/repository/com/sun/xml/bind/jaxb-core/4.0.4/jaxb-core-4.0.4.jar:/home/sam/.m2/repository/org/eclipse/angus/angus-activation/2.0.1/angus-activation-2.0.1.jar:/home/sam/.m2/repository/com/sun/xml/bind/jaxb-impl/4.0.4/jaxb-impl-4.0.4.jar:/home/sam/.m2/repository/org/apache/camel/camel-core-xml/4.0.0/camel-core-xml-4.0.0.jar:"/>
    <property name="java.vm.vendor" value="Eclipse Adoptium"/>
    <property name="sun.arch.data.model" value="64"/>
    <property name="java.vendor.url" value="https://adoptium.net/"/>
    <property name="user.timezone" value="Asia/Shanghai"/>
    <property name="org.jboss.logging.provider" value="slf4j"/>
    <property name="os.name" value="Linux"/>
    <property name="java.vm.specification.version" value="17"/>
    <property name="sun.java.launcher" value="SUN_STANDARD"/>
    <property name="user.country" value="CN"/>
    <property name="sun.boot.library.path" value="/home/sam/.jbang/cache/jdks/17/lib"/>
    <property name="sun.java.command" value="/home/sam/vscode/camel-spring-boot/init-app/target/surefire/surefirebooter3539341390253333417.jar /home/sam/vscode/camel-spring-boot/init-app/target/surefire 2023-12-29T00-32-51_709-jvmRun1 surefire12262202855572434203tmp surefire_011403552009500613768tmp"/>
    <property name="jdk.debug" value="release"/>
    <property name="surefire.test.class.path" value="/home/sam/vscode/camel-spring-boot/init-app/target/test-classes:/home/sam/vscode/camel-spring-boot/init-app/target/classes:/home/sam/.m2/repository/org/springframework/boot/spring-boot-starter-web/3.1.6/spring-boot-starter-web-3.1.6.jar:/home/sam/.m2/repository/org/springframework/boot/spring-boot-starter/3.1.6/spring-boot-starter-3.1.6.jar:/home/sam/.m2/repository/org/springframework/boot/spring-boot/3.1.6/spring-boot-3.1.6.jar:/home/sam/.m2/repository/org/springframework/boot/spring-boot-autoconfigure/3.1.6/spring-boot-autoconfigure-3.1.6.jar:/home/sam/.m2/repository/org/springframework/boot/spring-boot-starter-logging/3.1.6/spring-boot-starter-logging-3.1.6.jar:/home/sam/.m2/repository/ch/qos/logback/logback-classic/1.4.14/logback-classic-1.4.14.jar:/home/sam/.m2/repository/ch/qos/logback/logback-core/1.4.14/logback-core-1.4.14.jar:/home/sam/.m2/repository/org/apache/logging/log4j/log4j-to-slf4j/2.20.0/log4j-to-slf4j-2.20.0.jar:/home/sam/.m2/repository/org/apache/logging/log4j/log4j-api/2.20.0/log4j-api-2.20.0.jar:/home/sam/.m2/repository/org/slf4j/jul-to-slf4j/2.0.9/jul-to-slf4j-2.0.9.jar:/home/sam/.m2/repository/jakarta/annotation/jakarta.annotation-api/2.1.1/jakarta.annotation-api-2.1.1.jar:/home/sam/.m2/repository/org/yaml/snakeyaml/2.0/snakeyaml-2.0.jar:/home/sam/.m2/repository/org/springframework/boot/spring-boot-starter-json/3.1.6/spring-boot-starter-json-3.1.6.jar:/home/sam/.m2/repository/com/fasterxml/jackson/core/jackson-databind/2.15.3/jackson-databind-2.15.3.jar:/home/sam/.m2/repository/com/fasterxml/jackson/core/jackson-annotations/2.15.3/jackson-annotations-2.15.3.jar:/home/sam/.m2/repository/com/fasterxml/jackson/core/jackson-core/2.15.3/jackson-core-2.15.3.jar:/home/sam/.m2/repository/com/fasterxml/jackson/datatype/jackson-datatype-jdk8/2.15.3/jackson-datatype-jdk8-2.15.3.jar:/home/sam/.m2/repository/com/fasterxml/jackson/datatype/jackson-datatype-jsr310/2.15.3/jackson-datatype-jsr310-2.15.3.jar:/home/sam/.m2/repository/com/fasterxml/jackson/module/jackson-module-parameter-names/2.15.3/jackson-module-parameter-names-2.15.3.jar:/home/sam/.m2/repository/org/springframework/spring-web/6.0.14/spring-web-6.0.14.jar:/home/sam/.m2/repository/org/springframework/spring-beans/6.0.14/spring-beans-6.0.14.jar:/home/sam/.m2/repository/org/springframework/spring-webmvc/6.0.14/spring-webmvc-6.0.14.jar:/home/sam/.m2/repository/org/springframework/spring-aop/6.0.14/spring-aop-6.0.14.jar:/home/sam/.m2/repository/org/springframework/spring-context/6.0.14/spring-context-6.0.14.jar:/home/sam/.m2/repository/org/springframework/spring-expression/6.0.14/spring-expression-6.0.14.jar:/home/sam/.m2/repository/org/springframework/boot/spring-boot-starter-undertow/3.1.6/spring-boot-starter-undertow-3.1.6.jar:/home/sam/.m2/repository/io/undertow/undertow-core/2.3.10.SP1-redhat-00001/undertow-core-2.3.10.SP1-redhat-00001.jar:/home/sam/.m2/repository/org/jboss/logging/jboss-logging/3.5.3.Final/jboss-logging-3.5.3.Final.jar:/home/sam/.m2/repository/org/jboss/xnio/xnio-api/3.8.8.Final/xnio-api-3.8.8.Final.jar:/home/sam/.m2/repository/org/wildfly/common/wildfly-common/1.5.4.Final/wildfly-common-1.5.4.Final.jar:/home/sam/.m2/repository/org/wildfly/client/wildfly-client-config/1.0.1.Final/wildfly-client-config-1.0.1.Final.jar:/home/sam/.m2/repository/org/jboss/xnio/xnio-nio/3.8.8.Final/xnio-nio-3.8.8.Final.jar:/home/sam/.m2/repository/org/jboss/threads/jboss-threads/3.5.0.Final/jboss-threads-3.5.0.Final.jar:/home/sam/.m2/repository/io/undertow/undertow-servlet/2.3.10.SP1-redhat-00001/undertow-servlet-2.3.10.SP1-redhat-00001.jar:/home/sam/.m2/repository/jakarta/servlet/jakarta.servlet-api/6.0.0/jakarta.servlet-api-6.0.0.jar:/home/sam/.m2/repository/io/undertow/undertow-websockets-jsr/2.3.10.Final/undertow-websockets-jsr-2.3.10.Final.jar:/home/sam/.m2/repository/jakarta/websocket/jakarta.websocket-api/2.1.1/jakarta.websocket-api-2.1.1.jar:/home/sam/.m2/repository/jakarta/websocket/jakarta.websocket-client-api/2.1.1/jakarta.websocket-client-api-2.1.1.jar:/home/sam/.m2/repository/org/apache/tomcat/embed/tomcat-embed-el/10.1.16/tomcat-embed-el-10.1.16.jar:/home/sam/.m2/repository/org/springframework/boot/spring-boot-starter-actuator/3.1.6/spring-boot-starter-actuator-3.1.6.jar:/home/sam/.m2/repository/org/springframework/boot/spring-boot-actuator-autoconfigure/3.1.6/spring-boot-actuator-autoconfigure-3.1.6.jar:/home/sam/.m2/repository/org/springframework/boot/spring-boot-actuator/3.1.6/spring-boot-actuator-3.1.6.jar:/home/sam/.m2/repository/io/micrometer/micrometer-observation/1.11.6/micrometer-observation-1.11.6.jar:/home/sam/.m2/repository/io/micrometer/micrometer-commons/1.11.6/micrometer-commons-1.11.6.jar:/home/sam/.m2/repository/io/micrometer/micrometer-core/1.11.6/micrometer-core-1.11.6.jar:/home/sam/.m2/repository/org/hdrhistogram/HdrHistogram/2.1.12/HdrHistogram-2.1.12.jar:/home/sam/.m2/repository/org/latencyutils/LatencyUtils/2.0.3/LatencyUtils-2.0.3.jar:/home/sam/.m2/repository/org/apache/camel/springboot/camel-spring-boot-starter/4.0.0.redhat-00039/camel-spring-boot-starter-4.0.0.redhat-00039.jar:/home/sam/.m2/repository/org/apache/camel/springboot/camel-spring-boot/4.0.0.redhat-00039/camel-spring-boot-4.0.0.redhat-00039.jar:/home/sam/.m2/repository/org/apache/camel/camel-spring/4.0.0.redhat-00031/camel-spring-4.0.0.redhat-00031.jar:/home/sam/.m2/repository/org/apache/camel/camel-management-api/4.0.0.redhat-00031/camel-management-api-4.0.0.redhat-00031.jar:/home/sam/.m2/repository/org/springframework/spring-tx/6.0.14/spring-tx-6.0.14.jar:/home/sam/.m2/repository/org/apache/camel/camel-spring-main/4.0.0.redhat-00031/camel-spring-main-4.0.0.redhat-00031.jar:/home/sam/.m2/repository/org/apache/camel/camel-main/4.0.0.redhat-00031/camel-main-4.0.0.redhat-00031.jar:/home/sam/.m2/repository/org/apache/camel/camel-base/4.0.0.redhat-00031/camel-base-4.0.0.redhat-00031.jar:/home/sam/.m2/repository/org/apache/camel/camel-util-json/4.0.0.redhat-00031/camel-util-json-4.0.0.redhat-00031.jar:/home/sam/.m2/repository/org/apache/camel/camel-cloud/4.0.0.redhat-00031/camel-cloud-4.0.0.redhat-00031.jar:/home/sam/.m2/repository/org/apache/camel/camel-core-model/4.0.0.redhat-00031/camel-core-model-4.0.0.redhat-00031.jar:/home/sam/.m2/repository/org/apache/camel/camel-core-processor/4.0.0.redhat-00031/camel-core-processor-4.0.0.redhat-00031.jar:/home/sam/.m2/repository/org/apache/camel/camel-cluster/4.0.0.redhat-00031/camel-cluster-4.0.0.redhat-00031.jar:/home/sam/.m2/repository/org/apache/camel/camel-base-engine/4.0.0.redhat-00031/camel-base-engine-4.0.0.redhat-00031.jar:/home/sam/.m2/repository/org/apache/camel/camel-health/4.0.0.redhat-00031/camel-health-4.0.0.redhat-00031.jar:/home/sam/.m2/repository/org/apache/camel/springboot/camel-core-starter/4.0.0.redhat-00039/camel-core-starter-4.0.0.redhat-00039.jar:/home/sam/.m2/repository/org/apache/camel/camel-core-engine/4.0.0.redhat-00031/camel-core-engine-4.0.0.redhat-00031.jar:/home/sam/.m2/repository/org/apache/camel/camel-api/4.0.0.redhat-00031/camel-api-4.0.0.redhat-00031.jar:/home/sam/.m2/repository/org/apache/camel/camel-core-reifier/4.0.0.redhat-00031/camel-core-reifier-4.0.0.redhat-00031.jar:/home/sam/.m2/repository/org/apache/camel/camel-util/4.0.0.redhat-00031/camel-util-4.0.0.redhat-00031.jar:/home/sam/.m2/repository/org/apache/camel/springboot/camel-bean-starter/4.0.0.redhat-00039/camel-bean-starter-4.0.0.redhat-00039.jar:/home/sam/.m2/repository/org/apache/camel/camel-bean/4.0.0.redhat-00031/camel-bean-4.0.0.redhat-00031.jar:/home/sam/.m2/repository/org/apache/camel/springboot/camel-browse-starter/4.0.0.redhat-00039/camel-browse-starter-4.0.0.redhat-00039.jar:/home/sam/.m2/repository/org/apache/camel/camel-browse/4.0.0.redhat-00031/camel-browse-4.0.0.redhat-00031.jar:/home/sam/.m2/repository/org/apache/camel/springboot/camel-controlbus-starter/4.0.0.redhat-00039/camel-controlbus-starter-4.0.0.redhat-00039.jar:/home/sam/.m2/repository/org/apache/camel/camel-controlbus/4.0.0.redhat-00031/camel-controlbus-4.0.0.redhat-00031.jar:/home/sam/.m2/repository/org/apache/camel/springboot/camel-dataformat-starter/4.0.0.redhat-00039/camel-dataformat-starter-4.0.0.redhat-00039.jar:/home/sam/.m2/repository/org/apache/camel/camel-dataformat/4.0.0.redhat-00031/camel-dataformat-4.0.0.redhat-00031.jar:/home/sam/.m2/repository/org/apache/camel/springboot/camel-dataset-starter/4.0.0.redhat-00039/camel-dataset-starter-4.0.0.redhat-00039.jar:/home/sam/.m2/repository/org/apache/camel/camel-dataset/4.0.0.redhat-00031/camel-dataset-4.0.0.redhat-00031.jar:/home/sam/.m2/repository/org/apache/camel/springboot/camel-direct-starter/4.0.0.redhat-00039/camel-direct-starter-4.0.0.redhat-00039.jar:/home/sam/.m2/repository/org/apache/camel/camel-direct/4.0.0.redhat-00031/camel-direct-4.0.0.redhat-00031.jar:/home/sam/.m2/repository/org/apache/camel/springboot/camel-file-starter/4.0.0.redhat-00039/camel-file-starter-4.0.0.redhat-00039.jar:/home/sam/.m2/repository/org/apache/camel/camel-file/4.0.0.redhat-00031/camel-file-4.0.0.redhat-00031.jar:/home/sam/.m2/repository/org/apache/camel/springboot/camel-language-starter/4.0.0.redhat-00039/camel-language-starter-4.0.0.redhat-00039.jar:/home/sam/.m2/repository/org/apache/camel/camel-language/4.0.0.redhat-00031/camel-language-4.0.0.redhat-00031.jar:/home/sam/.m2/repository/org/apache/camel/springboot/camel-log-starter/4.0.0.redhat-00039/camel-log-starter-4.0.0.redhat-00039.jar:/home/sam/.m2/repository/org/apache/camel/camel-log/4.0.0.redhat-00031/camel-log-4.0.0.redhat-00031.jar:/home/sam/.m2/repository/org/apache/camel/springboot/camel-mock-starter/4.0.0.redhat-00039/camel-mock-starter-4.0.0.redhat-00039.jar:/home/sam/.m2/repository/org/apache/camel/camel-mock/4.0.0.redhat-00031/camel-mock-4.0.0.redhat-00031.jar:/home/sam/.m2/repository/org/apache/camel/springboot/camel-ref-starter/4.0.0.redhat-00039/camel-ref-starter-4.0.0.redhat-00039.jar:/home/sam/.m2/repository/org/apache/camel/camel-ref/4.0.0.redhat-00031/camel-ref-4.0.0.redhat-00031.jar:/home/sam/.m2/repository/org/apache/camel/springboot/camel-rest-starter/4.0.0.redhat-00039/camel-rest-starter-4.0.0.redhat-00039.jar:/home/sam/.m2/repository/org/apache/camel/camel-rest/4.0.0.redhat-00031/camel-rest-4.0.0.redhat-00031.jar:/home/sam/.m2/repository/org/apache/camel/camel-tooling-model/4.0.0.redhat-00031/camel-tooling-model-4.0.0.redhat-00031.jar:/home/sam/.m2/repository/org/apache/camel/springboot/camel-saga-starter/4.0.0.redhat-00039/camel-saga-starter-4.0.0.redhat-00039.jar:/home/sam/.m2/repository/org/apache/camel/camel-saga/4.0.0.redhat-00031/camel-saga-4.0.0.redhat-00031.jar:/home/sam/.m2/repository/org/apache/camel/springboot/camel-scheduler-starter/4.0.0.redhat-00039/camel-scheduler-starter-4.0.0.redhat-00039.jar:/home/sam/.m2/repository/org/apache/camel/camel-scheduler/4.0.0.redhat-00031/camel-scheduler-4.0.0.redhat-00031.jar:/home/sam/.m2/repository/org/apache/camel/springboot/camel-seda-starter/4.0.0.redhat-00039/camel-seda-starter-4.0.0.redhat-00039.jar:/home/sam/.m2/repository/org/apache/camel/camel-seda/4.0.0.redhat-00031/camel-seda-4.0.0.redhat-00031.jar:/home/sam/.m2/repository/org/apache/camel/springboot/camel-stub-starter/4.0.0.redhat-00039/camel-stub-starter-4.0.0.redhat-00039.jar:/home/sam/.m2/repository/org/apache/camel/camel-stub/4.0.0.redhat-00031/camel-stub-4.0.0.redhat-00031.jar:/home/sam/.m2/repository/org/apache/camel/springboot/camel-timer-starter/4.0.0.redhat-00039/camel-timer-starter-4.0.0.redhat-00039.jar:/home/sam/.m2/repository/org/apache/camel/camel-timer/4.0.0.redhat-00031/camel-timer-4.0.0.redhat-00031.jar:/home/sam/.m2/repository/org/apache/camel/springboot/camel-validator-starter/4.0.0.redhat-00039/camel-validator-starter-4.0.0.redhat-00039.jar:/home/sam/.m2/repository/org/apache/camel/camel-validator/4.0.0.redhat-00031/camel-validator-4.0.0.redhat-00031.jar:/home/sam/.m2/repository/org/apache/camel/springboot/camel-xpath-starter/4.0.0.redhat-00039/camel-xpath-starter-4.0.0.redhat-00039.jar:/home/sam/.m2/repository/org/apache/camel/camel-xpath/4.0.0.redhat-00031/camel-xpath-4.0.0.redhat-00031.jar:/home/sam/.m2/repository/org/apache/camel/springboot/camel-xslt-starter/4.0.0.redhat-00039/camel-xslt-starter-4.0.0.redhat-00039.jar:/home/sam/.m2/repository/org/apache/camel/camel-xslt/4.0.0.redhat-00031/camel-xslt-4.0.0.redhat-00031.jar:/home/sam/.m2/repository/org/apache/camel/springboot/camel-xml-jaxp-starter/4.0.0.redhat-00039/camel-xml-jaxp-starter-4.0.0.redhat-00039.jar:/home/sam/.m2/repository/org/apache/camel/camel-xml-jaxp/4.0.0.redhat-00031/camel-xml-jaxp-4.0.0.redhat-00031.jar:/home/sam/.m2/repository/org/apache/camel/camel-xml-jaxp-util/4.0.0.redhat-00031/camel-xml-jaxp-util-4.0.0.redhat-00031.jar:/home/sam/.m2/repository/org/apache/camel/camel-xml-io-util/4.0.0.redhat-00031/camel-xml-io-util-4.0.0.redhat-00031.jar:/home/sam/.m2/repository/org/apache/camel/springboot/camel-stream-starter/4.0.0/camel-stream-starter-4.0.0.jar:/home/sam/.m2/repository/org/apache/camel/camel-stream/4.0.0/camel-stream-4.0.0.jar:/home/sam/.m2/repository/org/apache/camel/camel-support/4.0.0/camel-support-4.0.0.jar:/home/sam/.m2/repository/org/springframework/boot/spring-boot-starter-test/3.1.6/spring-boot-starter-test-3.1.6.jar:/home/sam/.m2/repository/org/springframework/boot/spring-boot-test/3.1.6/spring-boot-test-3.1.6.jar:/home/sam/.m2/repository/org/springframework/boot/spring-boot-test-autoconfigure/3.1.6/spring-boot-test-autoconfigure-3.1.6.jar:/home/sam/.m2/repository/com/jayway/jsonpath/json-path/2.8.0/json-path-2.8.0.jar:/home/sam/.m2/repository/org/slf4j/slf4j-api/2.0.9/slf4j-api-2.0.9.jar:/home/sam/.m2/repository/jakarta/xml/bind/jakarta.xml.bind-api/4.0.1/jakarta.xml.bind-api-4.0.1.jar:/home/sam/.m2/repository/jakarta/activation/jakarta.activation-api/2.1.2/jakarta.activation-api-2.1.2.jar:/home/sam/.m2/repository/net/minidev/json-smart/2.4.11/json-smart-2.4.11.jar:/home/sam/.m2/repository/net/minidev/accessors-smart/2.4.11/accessors-smart-2.4.11.jar:/home/sam/.m2/repository/org/ow2/asm/asm/9.3/asm-9.3.jar:/home/sam/.m2/repository/org/assertj/assertj-core/3.24.2/assertj-core-3.24.2.jar:/home/sam/.m2/repository/net/bytebuddy/byte-buddy/1.14.10/byte-buddy-1.14.10.jar:/home/sam/.m2/repository/org/hamcrest/hamcrest/2.2/hamcrest-2.2.jar:/home/sam/.m2/repository/org/junit/jupiter/junit-jupiter/5.9.3/junit-jupiter-5.9.3.jar:/home/sam/.m2/repository/org/junit/jupiter/junit-jupiter-api/5.9.3/junit-jupiter-api-5.9.3.jar:/home/sam/.m2/repository/org/opentest4j/opentest4j/1.2.0/opentest4j-1.2.0.jar:/home/sam/.m2/repository/org/junit/platform/junit-platform-commons/1.9.3/junit-platform-commons-1.9.3.jar:/home/sam/.m2/repository/org/apiguardian/apiguardian-api/1.1.2/apiguardian-api-1.1.2.jar:/home/sam/.m2/repository/org/junit/jupiter/junit-jupiter-params/5.9.3/junit-jupiter-params-5.9.3.jar:/home/sam/.m2/repository/org/junit/jupiter/junit-jupiter-engine/5.9.3/junit-jupiter-engine-5.9.3.jar:/home/sam/.m2/repository/org/junit/platform/junit-platform-engine/1.9.3/junit-platform-engine-1.9.3.jar:/home/sam/.m2/repository/org/mockito/mockito-core/5.3.1/mockito-core-5.3.1.jar:/home/sam/.m2/repository/net/bytebuddy/byte-buddy-agent/1.14.10/byte-buddy-agent-1.14.10.jar:/home/sam/.m2/repository/org/objenesis/objenesis/3.3/objenesis-3.3.jar:/home/sam/.m2/repository/org/mockito/mockito-junit-jupiter/5.3.1/mockito-junit-jupiter-5.3.1.jar:/home/sam/.m2/repository/org/skyscreamer/jsonassert/1.5.1/jsonassert-1.5.1.jar:/home/sam/.m2/repository/com/vaadin/external/google/android-json/0.0.20131108.vaadin1/android-json-0.0.20131108.vaadin1.jar:/home/sam/.m2/repository/org/springframework/spring-core/6.0.14/spring-core-6.0.14.jar:/home/sam/.m2/repository/org/springframework/spring-jcl/6.0.14/spring-jcl-6.0.14.jar:/home/sam/.m2/repository/org/springframework/spring-test/6.0.14/spring-test-6.0.14.jar:/home/sam/.m2/repository/org/xmlunit/xmlunit-core/2.9.1/xmlunit-core-2.9.1.jar:/home/sam/.m2/repository/org/apache/camel/camel-test-spring-junit5/4.0.0/camel-test-spring-junit5-4.0.0.jar:/home/sam/.m2/repository/org/apache/camel/camel-test-junit5/4.0.0/camel-test-junit5-4.0.0.jar:/home/sam/.m2/repository/org/apache/camel/camel-core-languages/4.0.0/camel-core-languages-4.0.0.jar:/home/sam/.m2/repository/org/apache/camel/camel-spring-xml/4.0.0/camel-spring-xml-4.0.0.jar:/home/sam/.m2/repository/org/apache/camel/camel-xml-jaxb/4.0.0/camel-xml-jaxb-4.0.0.jar:/home/sam/.m2/repository/com/sun/xml/bind/jaxb-core/4.0.4/jaxb-core-4.0.4.jar:/home/sam/.m2/repository/org/eclipse/angus/angus-activation/2.0.1/angus-activation-2.0.1.jar:/home/sam/.m2/repository/com/sun/xml/bind/jaxb-impl/4.0.4/jaxb-impl-4.0.4.jar:/home/sam/.m2/repository/org/apache/camel/camel-core-xml/4.0.0/camel-core-xml-4.0.0.jar:"/>
    <property name="sun.cpu.endian" value="little"/>
    <property name="user.home" value="/home/sam"/>
    <property name="user.language" value="zh"/>
    <property name="java.specification.vendor" value="Oracle Corporation"/>
    <property name="java.version.date" value="2023-10-17"/>
    <property name="java.home" value="/home/sam/.jbang/cache/jdks/17"/>
    <property name="file.separator" value="/"/>
    <property name="basedir" value="/home/sam/vscode/camel-spring-boot/init-app"/>
    <property name="java.vm.compressedOopsMode" value="Zero based"/>
    <property name="line.separator" value="&#10;"/>
    <property name="java.specification.name" value="Java Platform API Specification"/>
    <property name="java.vm.specification.vendor" value="Oracle Corporation"/>
    <property name="FILE_LOG_CHARSET" value="UTF-8"/>
    <property name="java.awt.headless" value="true"/>
    <property name="surefire.real.class.path" value="/home/sam/vscode/camel-spring-boot/init-app/target/surefire/surefirebooter3539341390253333417.jar"/>
    <property name="sun.management.compiler" value="HotSpot 64-Bit Tiered Compilers"/>
    <property name="java.runtime.version" value="17.0.9+9"/>
    <property name="user.name" value="sam"/>
    <property name="path.separator" value=":"/>
    <property name="os.version" value="5.14.0-362.13.1.el9_3.x86_64"/>
    <property name="java.runtime.name" value="OpenJDK Runtime Environment"/>
    <property name="file.encoding" value="UTF-8"/>
    <property name="java.vm.name" value="OpenJDK 64-Bit Server VM"/>
    <property name="java.vendor.version" value="Temurin-17.0.9+9"/>
    <property name="localRepository" value="/home/sam/.m2/repository"/>
    <property name="java.vendor.url.bug" value="https://github.com/adoptium/adoptium-support/issues"/>
    <property name="java.io.tmpdir" value="/tmp"/>
    <property name="java.version" value="17.0.9"/>
    <property name="user.dir" value="/home/sam/vscode/camel-spring-boot/init-app"/>
    <property name="os.arch" value="amd64"/>
    <property name="java.vm.specification.name" value="Java Virtual Machine Specification"/>
    <property name="PID" value="1217601"/>
    <property name="CONSOLE_LOG_CHARSET" value="UTF-8"/>
    <property name="native.encoding" value="UTF-8"/>
    <property name="java.library.path" value="/usr/java/packages/lib:/usr/lib64:/lib64:/lib:/usr/lib"/>
    <property name="java.vm.info" value="mixed mode, sharing"/>
    <property name="java.vendor" value="Eclipse Adoptium"/>
    <property name="java.vm.version" value="17.0.9+9"/>
    <property name="sun.io.unicode.encoding" value="UnicodeLittle"/>
    <property name="java.class.version" value="61.0"/>
  </properties>
  <testcase name="test" classname="cn.app.cloudnative.demo.MySpringBootApplicationTest" time="4.493"/>
</testsuite>